{"logTime": "0901/201112", "correlationVector":"3Ey21H3rJH6t/v2CyPsJ/J.0","action":"FeedSettingFetch_homeCloud", "result":"0", "context":{}}
{"logTime": "0901/201112", "correlationVector":"3Ey21H3rJH6t/v2CyPsJ/J.0","action":"SyncServerConnectionManagerRequest", "result":"SYNC_SERVER_OK", "context":{"environment":"", "server":""}}
{"logTime": "0901/201112", "correlationVector":"pE/P+JmWMa2+DMJDdK7e7w.1","action":"SyncServerConnectionManagerRequest", "result":"SYNC_SERVER_OK", "context":{"environment":"48F630A6-CB1B-4CC7-86AF-0F6627234B58|109", "server":"AM3PEPF0000096C"}}
{"logTime": "0901/201112", "correlationVector":"tYc3Dsm2UkJsFqWeBEmten.1","action":"SyncServerConnectionManagerRequest", "result":"SYNC_SERVER_OK", "context":{"environment":"48F630A6-CB1B-4CC7-86AF-0F6627234B58|109", "server":"AM3PEPF0000096C"}}
{"logTime": "0901/201113", "correlationVector":"pE/P+JmWMa2+DMJDdK7e7w","action":"Initial GetUpdates", "result":""}
{"logTime": "0901/201113", "correlationVector":"pE/P+JmWMa2+DMJDdK7e7w.2","action":"GetUpdates Response", "result":"SERVER_MORE_TO_DOWNLOAD"}
{"logTime": "0901/201113", "correlationVector":"tYc3Dsm2UkJsFqWeBEmten","action":"Initial GetUpdates", "result":""}
{"logTime": "0901/201113", "correlationVector":"tYc3Dsm2UkJsFqWeBEmten.2","action":"GetUpdates Response", "result":"SYNCER_OK"}
{"logTime": "0901/201145", "correlationVector":"g413tFkeUeWWW86TV23BtL","action":"Initial GetUpdates", "result":""}
{"logTime": "0901/201146", "correlationVector":"g413tFkeUeWWW86TV23BtL.1","action":"SyncServerConnectionManagerRequest", "result":"SYNC_SERVER_OK", "context":{"environment":"48F630A6-CB1B-4CC7-86AF-0F6627234B58|109", "server":"AM3PEPF0000096C"}}
{"logTime": "0901/201146", "correlationVector":"g413tFkeUeWWW86TV23BtL.2","action":"GetUpdates Response", "result":"SERVER_MORE_TO_DOWNLOAD"}
{"logTime": "0901/201146", "correlationVector":"zCj/8p6Dkv+5nVpKyqVcqX","action":"Initial GetUpdates", "result":""}
{"logTime": "0901/201146", "correlationVector":"zCj/8p6Dkv+5nVpKyqVcqX.1","action":"SyncServerConnectionManagerRequest", "result":"SYNC_SERVER_OK", "context":{"environment":"48F630A6-CB1B-4CC7-86AF-0F6627234B58|109", "server":"AM3PEPF0000096C"}}
{"logTime": "0901/201146", "correlationVector":"zCj/8p6Dkv+5nVpKyqVcqX.2","action":"GetUpdates Response", "result":"SYNCER_OK"}
{"logTime": "0901/201146", "correlationVector":"hcnzE3UK5xWZTcU0H9i3Le","action":"Initial GetUpdates", "result":""}
{"logTime": "0901/201146", "correlationVector":"hcnzE3UK5xWZTcU0H9i3Le.1","action":"SyncServerConnectionManagerRequest", "result":"SYNC_SERVER_OK", "context":{"environment":"48F630A6-CB1B-4CC7-86AF-0F6627234B58|109", "server":"AM3PEPF0000096C"}}
{"logTime": "0901/201146", "correlationVector":"hcnzE3UK5xWZTcU0H9i3Le.2","action":"GetUpdates Response", "result":"SERVER_MORE_TO_DOWNLOAD"}
{"logTime": "0901/201146", "correlationVector":"h9ftcWFc1jLy7Kk30hHoPI","action":"Initial GetUpdates", "result":""}
{"logTime": "0901/201146", "correlationVector":"h9ftcWFc1jLy7Kk30hHoPI.1","action":"SyncServerConnectionManagerRequest", "result":"SYNC_SERVER_OK", "context":{"environment":"48F630A6-CB1B-4CC7-86AF-0F6627234B58|109", "server":"AM3PEPF0000096C"}}
{"logTime": "0901/201146", "correlationVector":"h9ftcWFc1jLy7Kk30hHoPI.2","action":"GetUpdates Response", "result":"SYNCER_OK"}
{"logTime": "0901/201146", "correlationVector":"rE8Dppt2k2kJ1HaT597qLd","action":"Normal GetUpdate request", "result":""}
{"logTime": "0901/201146", "correlationVector":"rE8Dppt2k2kJ1HaT597qLd.1","action":"SyncServerConnectionManagerRequest", "result":"SYNC_SERVER_OK", "context":{"environment":"48F630A6-CB1B-4CC7-86AF-0F6627234B58|109", "server":"AM3PEPF0000096C"}}
{"logTime": "0901/201146", "correlationVector":"rE8Dppt2k2kJ1HaT597qLd.2","action":"GetUpdates Response", "result":"SYNCER_OK"}
{"logTime": "0901/201146", "correlationVector":"d4TfeBWTsdABzZ2j8dgPUj","action":"Commit Request", "result":""}
{"logTime": "0901/201146", "correlationVector":"d4TfeBWTsdABzZ2j8dgPUj.1","action":"SyncServerConnectionManagerRequest", "result":"SYNC_SERVER_OK", "context":{"environment":"48F630A6-CB1B-4CC7-86AF-0F6627234B58|109", "server":"AM3PEPF0000096C"}}
{"logTime": "0901/201146", "correlationVector":"d4TfeBWTsdABzZ2j8dgPUj.2","action":"Commit Response", "result":"SYNCER_OK"}
{"logTime": "0901/201146", "correlationVector":"kw4pL8SwF041slUaJNwAj8","action":"Commit Request", "result":""}
{"logTime": "0901/201146", "correlationVector":"kw4pL8SwF041slUaJNwAj8.1","action":"SyncServerConnectionManagerRequest", "result":"SYNC_SERVER_OK", "context":{"environment":"48F630A6-CB1B-4CC7-86AF-0F6627234B58|109", "server":"AM3PEPF0000096C"}}
{"logTime": "0901/201146", "correlationVector":"kw4pL8SwF041slUaJNwAj8.2","action":"Commit Response", "result":"SYNCER_OK"}
{"logTime": "0901/213148", "correlationVector":"UFoJLAtkGkHwQRyHVGt+lU.0","action":"FeedSettingFetch_homeCloud", "result":"0", "context":{}}
{"logTime": "0901/213148", "correlationVector":"PwZhXdv6e6nEgp75MdJqxY.1","action":"SyncServerConnectionManagerRequest", "result":"SYNC_SERVER_OK", "context":{"environment":"48F630A6-CB1B-4CC7-86AF-0F6627234B58|109", "server":"AM3PEPF000009AB"}}
{"logTime": "0901/213148", "correlationVector":"ZMLBXIrU9a7rLOYsE9EJHT.1","action":"SyncServerConnectionManagerRequest", "result":"SYNC_SERVER_OK", "context":{"environment":"48F630A6-CB1B-4CC7-86AF-0F6627234B58|109", "server":"AM3PEPF000009AB"}}
{"logTime": "0901/213148", "correlationVector":"PwZhXdv6e6nEgp75MdJqxY","action":"Initial GetUpdates", "result":""}
{"logTime": "0901/213148", "correlationVector":"PwZhXdv6e6nEgp75MdJqxY.2","action":"GetUpdates Response", "result":"SERVER_MORE_TO_DOWNLOAD"}
{"logTime": "0901/213148", "correlationVector":"ZMLBXIrU9a7rLOYsE9EJHT","action":"Initial GetUpdates", "result":""}
{"logTime": "0901/213148", "correlationVector":"ZMLBXIrU9a7rLOYsE9EJHT.2","action":"GetUpdates Response", "result":"SYNCER_OK"}
{"logTime": "0901/213148", "correlationVector":"dKjN4tC9AmbEOYqIUoFeNQ","action":"Normal GetUpdate request", "result":""}
{"logTime": "0901/213148", "correlationVector":"dKjN4tC9AmbEOYqIUoFeNQ.1","action":"SyncServerConnectionManagerRequest", "result":"SYNC_SERVER_OK", "context":{"environment":"48F630A6-CB1B-4CC7-86AF-0F6627234B58|109", "server":"AM3PEPF000009AB"}}
{"logTime": "0901/213148", "correlationVector":"dKjN4tC9AmbEOYqIUoFeNQ.2","action":"GetUpdates Response", "result":"SYNCER_OK"}
{"logTime": "0901/215230", "correlationVector":"ABDfruT+fiqb1rhIv2buC0.0","action":"FeedSettingFetch_homeCloud", "result":"0", "context":{}}
{"logTime": "0901/215231", "correlationVector":"ABDfruT+fiqb1rhIv2buC0.0","action":"SyncServerConnectionManagerRequest", "result":"SYNC_SERVER_OK", "context":{"environment":"", "server":""}}
{"logTime": "0901/215232", "correlationVector":"PZMZ+t2y6EWRfDrUHQvf7v.1","action":"SyncServerConnectionManagerRequest", "result":"SYNC_SERVER_OK", "context":{"environment":"48F630A6-CB1B-4CC7-86AF-0F6627234B58|109", "server":"AM3PEPF00000999"}}
{"logTime": "0901/215233", "correlationVector":"ZIM1PX5oyUVtyf5O0Y+izO.1","action":"SyncServerConnectionManagerRequest", "result":"SYNC_SERVER_OK", "context":{"environment":"48F630A6-CB1B-4CC7-86AF-0F6627234B58|109", "server":"AM3PEPF00000999"}}
{"logTime": "0901/215233", "correlationVector":"PZMZ+t2y6EWRfDrUHQvf7v","action":"Initial GetUpdates", "result":""}
{"logTime": "0901/215233", "correlationVector":"PZMZ+t2y6EWRfDrUHQvf7v.2","action":"GetUpdates Response", "result":"SERVER_MORE_TO_DOWNLOAD"}
{"logTime": "0901/215233", "correlationVector":"ZIM1PX5oyUVtyf5O0Y+izO","action":"Initial GetUpdates", "result":""}
{"logTime": "0901/215233", "correlationVector":"ZIM1PX5oyUVtyf5O0Y+izO.2","action":"GetUpdates Response", "result":"SYNCER_OK"}
{"logTime": "0901/215233", "correlationVector":"gBCiVwlGhdNu4rLYjuyd0N","action":"Normal GetUpdate request", "result":""}
{"logTime": "0901/215233", "correlationVector":"gBCiVwlGhdNu4rLYjuyd0N.1","action":"SyncServerConnectionManagerRequest", "result":"SYNC_SERVER_OK", "context":{"environment":"48F630A6-CB1B-4CC7-86AF-0F6627234B58|109", "server":"AM3PEPF00000999"}}
{"logTime": "0901/215233", "correlationVector":"gBCiVwlGhdNu4rLYjuyd0N.2","action":"GetUpdates Response", "result":"SYNCER_OK"}
{"logTime": "0902/075708", "correlationVector":"2B/4+LUf+i2kj6djTW1rGv.0","action":"FeedSettingFetch_homeCloud", "result":"0", "context":{}}
{"logTime": "0902/075708", "correlationVector":"2B/4+LUf+i2kj6djTW1rGv.0","action":"SyncServerConnectionManagerRequest", "result":"SYNC_SERVER_OK", "context":{"environment":"", "server":""}}
{"logTime": "0902/075709", "correlationVector":"bacv/Gr4SI/FUZd3VrBaj+.1","action":"SyncServerConnectionManagerRequest", "result":"SYNC_SERVER_OK", "context":{"environment":"48F630A6-CB1B-4CC7-86AF-0F6627234B58|109", "server":"AM3PEPF00000983"}}
{"logTime": "0902/075709", "correlationVector":"Nlba3ZiYmQWvl5w7aViHhn.1","action":"SyncServerConnectionManagerRequest", "result":"SYNC_SERVER_OK", "context":{"environment":"48F630A6-CB1B-4CC7-86AF-0F6627234B58|109", "server":"AM3PEPF00000983"}}
{"logTime": "0902/075710", "correlationVector":"bacv/Gr4SI/FUZd3VrBaj+","action":"Initial GetUpdates", "result":""}
{"logTime": "0902/075710", "correlationVector":"bacv/Gr4SI/FUZd3VrBaj+.2","action":"GetUpdates Response", "result":"SERVER_MORE_TO_DOWNLOAD"}
{"logTime": "0902/075710", "correlationVector":"Nlba3ZiYmQWvl5w7aViHhn","action":"Initial GetUpdates", "result":""}
{"logTime": "0902/075710", "correlationVector":"Nlba3ZiYmQWvl5w7aViHhn.2","action":"GetUpdates Response", "result":"SYNCER_OK"}
{"logTime": "0902/075710", "correlationVector":"sCGeSn+9MXQZZaBdvJBuxK","action":"Normal GetUpdate request", "result":""}
{"logTime": "0902/075710", "correlationVector":"sCGeSn+9MXQZZaBdvJBuxK.1","action":"SyncServerConnectionManagerRequest", "result":"SYNC_SERVER_OK", "context":{"environment":"48F630A6-CB1B-4CC7-86AF-0F6627234B58|109", "server":"AM3PEPF00000983"}}
{"logTime": "0902/075710", "correlationVector":"sCGeSn+9MXQZZaBdvJBuxK.2","action":"GetUpdates Response", "result":"SYNCER_OK"}
{"logTime": "0902/075911", "correlationVector":"2OKp8ez9+e52EWz10zYjap","action":"Poll GetUpdate request", "result":""}
{"logTime": "0902/075911", "correlationVector":"2OKp8ez9+e52EWz10zYjap.1","action":"SyncServerConnectionManagerRequest", "result":"SYNC_SERVER_OK", "context":{"environment":"48F630A6-CB1B-4CC7-86AF-0F6627234B58|109", "server":"AM3PEPF00000983"}}
{"logTime": "0902/075911", "correlationVector":"2OKp8ez9+e52EWz10zYjap.2","action":"GetUpdates Response", "result":"SYNCER_OK"}
{"logTime": "0902/103844", "correlationVector":"4rwNVmXobsp6tLPmw0Jps2.0","action":"FeedSettingFetch_homeCloud", "result":"0", "context":{}}
{"logTime": "0902/103844", "correlationVector":"4rwNVmXobsp6tLPmw0Jps2.0","action":"SyncServerConnectionManagerRequest", "result":"SYNC_SERVER_OK", "context":{"environment":"", "server":""}}
{"logTime": "0902/103844", "correlationVector":"Cy0PVKMgHHJSsD11zklAYA.1","action":"SyncServerConnectionManagerRequest", "result":"SYNC_SERVER_OK", "context":{"environment":"48F630A6-CB1B-4CC7-86AF-0F6627234B58|109", "server":"AM3PEPF00000987"}}
{"logTime": "0902/103844", "correlationVector":"WzaQgYK/elUdSMVIsvK9Or.1","action":"SyncServerConnectionManagerRequest", "result":"SYNC_SERVER_OK", "context":{"environment":"48F630A6-CB1B-4CC7-86AF-0F6627234B58|109", "server":"AM3PEPF00000987"}}
{"logTime": "0902/103844", "correlationVector":"Cy0PVKMgHHJSsD11zklAYA","action":"Initial GetUpdates", "result":""}
{"logTime": "0902/103845", "correlationVector":"Cy0PVKMgHHJSsD11zklAYA.2","action":"GetUpdates Response", "result":"SERVER_MORE_TO_DOWNLOAD"}
{"logTime": "0902/103845", "correlationVector":"WzaQgYK/elUdSMVIsvK9Or","action":"Initial GetUpdates", "result":""}
{"logTime": "0902/103845", "correlationVector":"WzaQgYK/elUdSMVIsvK9Or.2","action":"GetUpdates Response", "result":"SYNCER_OK"}
{"logTime": "0902/103845", "correlationVector":"h4UQb15u+Yd+N07m8jGV/h","action":"Normal GetUpdate request", "result":""}
{"logTime": "0902/103845", "correlationVector":"h4UQb15u+Yd+N07m8jGV/h.1","action":"SyncServerConnectionManagerRequest", "result":"SYNC_SERVER_OK", "context":{"environment":"48F630A6-CB1B-4CC7-86AF-0F6627234B58|109", "server":"AM3PEPF00000987"}}
{"logTime": "0902/103845", "correlationVector":"h4UQb15u+Yd+N07m8jGV/h.2","action":"GetUpdates Response", "result":"SYNCER_OK"}
{"logTime": "0902/200024", "correlationVector":"4R1lozab8EwO0jSPYGNC66.0","action":"FeedSettingFetch_homeCloud", "result":"0", "context":{}}
{"logTime": "0902/200025", "correlationVector":"4R1lozab8EwO0jSPYGNC66.0","action":"SyncServerConnectionManagerRequest", "result":"SYNC_SERVER_OK", "context":{"environment":"", "server":""}}
{"logTime": "0902/200025", "correlationVector":"r+gXWNHu6qdp/xKLvU8pUV.1","action":"SyncServerConnectionManagerRequest", "result":"SYNC_SERVER_OK", "context":{"environment":"48F630A6-CB1B-4CC7-86AF-0F6627234B58|109", "server":"AM3PEPF0000099D"}}
{"logTime": "0902/200025", "correlationVector":"nbTe9xjujvB70a8xwXGIO6.1","action":"SyncServerConnectionManagerRequest", "result":"SYNC_SERVER_OK", "context":{"environment":"48F630A6-CB1B-4CC7-86AF-0F6627234B58|109", "server":"AM3PEPF0000099D"}}
{"logTime": "0902/200025", "correlationVector":"r+gXWNHu6qdp/xKLvU8pUV","action":"Initial GetUpdates", "result":""}
{"logTime": "0902/200025", "correlationVector":"r+gXWNHu6qdp/xKLvU8pUV.2","action":"GetUpdates Response", "result":"SERVER_MORE_TO_DOWNLOAD"}
{"logTime": "0902/200025", "correlationVector":"nbTe9xjujvB70a8xwXGIO6","action":"Initial GetUpdates", "result":""}
{"logTime": "0902/200025", "correlationVector":"nbTe9xjujvB70a8xwXGIO6.2","action":"GetUpdates Response", "result":"SYNCER_OK"}
{"logTime": "0902/200025", "correlationVector":"+1YoqFeJ8RGlAdulu5ybum","action":"Normal GetUpdate request", "result":""}
{"logTime": "0902/200025", "correlationVector":"+1YoqFeJ8RGlAdulu5ybum.1","action":"SyncServerConnectionManagerRequest", "result":"SYNC_SERVER_OK", "context":{"environment":"48F630A6-CB1B-4CC7-86AF-0F6627234B58|109", "server":"AM3PEPF0000099D"}}
{"logTime": "0902/200025", "correlationVector":"+1YoqFeJ8RGlAdulu5ybum.2","action":"GetUpdates Response", "result":"SYNCER_OK"}
{"logTime": "0902/200247", "correlationVector":"b5ykTLrVEq/VT0xwfFhhqU","action":"Poll GetUpdate request", "result":""}
{"logTime": "0902/200247", "correlationVector":"b5ykTLrVEq/VT0xwfFhhqU.1","action":"SyncServerConnectionManagerRequest", "result":"SYNC_SERVER_OK", "context":{"environment":"48F630A6-CB1B-4CC7-86AF-0F6627234B58|109", "server":"AM3PEPF00000996"}}
{"logTime": "0902/200247", "correlationVector":"b5ykTLrVEq/VT0xwfFhhqU.2","action":"GetUpdates Response", "result":"SYNCER_OK"}
{"logTime": "0902/201140", "correlationVector":"33oPhOiFCCwuk6PtFIkWPr","action":"Commit Request", "result":""}
{"logTime": "0902/201141", "correlationVector":"33oPhOiFCCwuk6PtFIkWPr.1","action":"SyncServerConnectionManagerRequest", "result":"SYNC_SERVER_OK", "context":{"environment":"48F630A6-CB1B-4CC7-86AF-0F6627234B58|109", "server":"AM3PEPF0000096F"}}
{"logTime": "0902/201141", "correlationVector":"33oPhOiFCCwuk6PtFIkWPr.2","action":"Commit Response", "result":"SYNCER_OK"}
{"logTime": "0903/000410", "correlationVector":"beYS0pWawtf0l0BEeC2G6P.0","action":"FeedSettingFetch_homeCloud", "result":"0", "context":{}}
{"logTime": "0903/000410", "correlationVector":"beYS0pWawtf0l0BEeC2G6P.0","action":"SyncServerConnectionManagerRequest", "result":"SYNC_SERVER_OK", "context":{"environment":"", "server":""}}
{"logTime": "0903/000414", "correlationVector":"NYM8/gzU5ddmElwvtJxSIW.1","action":"SyncServerConnectionManagerRequest", "result":"SYNC_SERVER_OK", "context":{"environment":"48F630A6-CB1B-4CC7-86AF-0F6627234B58|109", "server":"AM3PEPF000009AF"}}
{"logTime": "0903/000414", "correlationVector":"g0c5JSp0NB6d/3RZmKuLUX.1","action":"SyncServerConnectionManagerRequest", "result":"SYNC_SERVER_OK", "context":{"environment":"48F630A6-CB1B-4CC7-86AF-0F6627234B58|109", "server":"AM3PEPF000009AF"}}
{"logTime": "0903/000414", "correlationVector":"NYM8/gzU5ddmElwvtJxSIW","action":"Initial GetUpdates", "result":""}
{"logTime": "0903/000414", "correlationVector":"NYM8/gzU5ddmElwvtJxSIW.2","action":"GetUpdates Response", "result":"SERVER_MORE_TO_DOWNLOAD"}
{"logTime": "0903/000414", "correlationVector":"g0c5JSp0NB6d/3RZmKuLUX","action":"Initial GetUpdates", "result":""}
{"logTime": "0903/000414", "correlationVector":"g0c5JSp0NB6d/3RZmKuLUX.2","action":"GetUpdates Response", "result":"SYNCER_OK"}
{"logTime": "0903/000414", "correlationVector":"ZEeE4dXVFPdI6OeKiR+iTS","action":"Normal GetUpdate request", "result":""}
{"logTime": "0903/000414", "correlationVector":"ZEeE4dXVFPdI6OeKiR+iTS.1","action":"SyncServerConnectionManagerRequest", "result":"SYNC_SERVER_OK", "context":{"environment":"48F630A6-CB1B-4CC7-86AF-0F6627234B58|109", "server":"AM3PEPF000009AF"}}
{"logTime": "0903/000414", "correlationVector":"ZEeE4dXVFPdI6OeKiR+iTS.2","action":"GetUpdates Response", "result":"SYNCER_OK"}
{"logTime": "0903/001105", "correlationVector":"2fevoi4Hz3M/aOJ//ANlBk.0","action":"FeedSettingFetch_homeCloud", "result":"0", "context":{}}
{"logTime": "0903/001105", "correlationVector":"2fevoi4Hz3M/aOJ//ANlBk.0","action":"SyncServerConnectionManagerRequest", "result":"SYNC_SERVER_OK", "context":{"environment":"", "server":""}}
{"logTime": "0903/001105", "correlationVector":"xMxTbSVEeFMRDiCE7Urrwx.1","action":"SyncServerConnectionManagerRequest", "result":"SYNC_SERVER_OK", "context":{"environment":"48F630A6-CB1B-4CC7-86AF-0F6627234B58|109", "server":"AM3PEPF00000974"}}
{"logTime": "0903/001105", "correlationVector":"8m0jYsmLiw+zKsOwxBzbBJ.1","action":"SyncServerConnectionManagerRequest", "result":"SYNC_SERVER_OK", "context":{"environment":"48F630A6-CB1B-4CC7-86AF-0F6627234B58|109", "server":"AM3PEPF00000974"}}
{"logTime": "0903/001105", "correlationVector":"xMxTbSVEeFMRDiCE7Urrwx","action":"Initial GetUpdates", "result":""}
{"logTime": "0903/001105", "correlationVector":"xMxTbSVEeFMRDiCE7Urrwx.2","action":"GetUpdates Response", "result":"SERVER_MORE_TO_DOWNLOAD"}
{"logTime": "0903/001105", "correlationVector":"8m0jYsmLiw+zKsOwxBzbBJ","action":"Initial GetUpdates", "result":""}
{"logTime": "0903/001105", "correlationVector":"8m0jYsmLiw+zKsOwxBzbBJ.2","action":"GetUpdates Response", "result":"SYNCER_OK"}
{"logTime": "0903/001105", "correlationVector":"HjCdUZRm7sW+yxNTZvTwQ7","action":"Normal GetUpdate request", "result":""}
{"logTime": "0903/001105", "correlationVector":"HjCdUZRm7sW+yxNTZvTwQ7.1","action":"SyncServerConnectionManagerRequest", "result":"SYNC_SERVER_OK", "context":{"environment":"48F630A6-CB1B-4CC7-86AF-0F6627234B58|109", "server":"AM3PEPF00000974"}}
{"logTime": "0903/001105", "correlationVector":"HjCdUZRm7sW+yxNTZvTwQ7.2","action":"GetUpdates Response", "result":"SYNCER_OK"}
